{"logLevel":"debug","message":"multithreading is set to false"}
{"logLevel":"debug","message":"Using reflection to scan dependencies for gauge implementations..."}
log4j:WARN No appenders could be found for logger (io.grpc.netty.shaded.io.netty.util.internal.logging.InternalLoggerFactory).
log4j:WARN Please initialize the log4j system properly.
log4j:WARN See http://logging.apache.org/log4j/1.2/faq.html#noconfig for more info.
{"logLevel":"debug","message":"gauge-java took 1421milliseconds to load and scan. This should be less than 'runner_connection_timeout' config value."}
{"logLevel":"debug","message":"run 'gauge config runner_connection_timeout' and verify that it is < 1421"}
{"logLevel":"debug","message":"starting gRPC server..."}
{"logLevel":"debug","message":"started gRPC server on port 58205"}
{"logLevel":"info","message":"Listening on port:58205"}
{"logLevel":"debug","message":"Scanning packages for steps"}
{"logLevel":"debug","message":"Comparing 'org.example.StepImplementation.verifyVowelsCountInWord' and 'org.example.StepImplementation.verifyVowelsCountInWord'"}
{"logLevel":"debug","message":"Found The word {} has {} vowels. in current project scope."}
{"logLevel":"debug","message":"Comparing 'org.example.StepImplementation.setLanguageVowels' and 'org.example.StepImplementation.setLanguageVowels'"}
{"logLevel":"debug","message":"Found Vowels in English language are {}. in current project scope."}
{"logLevel":"debug","message":"Comparing 'org.example.StepImplementation.verifyVowelsCountInMultipleWords' and 'org.example.StepImplementation.verifyVowelsCountInMultipleWords'"}
{"logLevel":"debug","message":"Found Almost all words have vowels {} in current project scope."}
{"logLevel":"debug","message":"Scanning packages for hooks"}
{"logLevel":"debug","message":"Scanned steps (using static parsing + reflections): "}
{"logLevel":"debug","message":"\tThe word {} has {} vowels. : public void verifyVowelsCountInWord(String word, int expectedCount)"}
{"logLevel":"debug","message":"\tAlmost all words have vowels {} : public void verifyVowelsCountInMultipleWords(Table wordsTable)"}
{"logLevel":"debug","message":"\tVowels in English language are {}. : public void setLanguageVowels(String vowelString)"}
{"logLevel":"debug","message":"Killing Java runner..."}
{"logLevel":"debug","message":"Stopping execution pool..."}
{"logLevel":"debug","message":"Shutting down grpc server..."}
{"logLevel":"debug","message":"Runner killed gracefully."}
